This is pdfTeX, Version 3.14159265-2.6-1.40.16 (TeX Live 2015) (preloaded format=pdflatex 2015.5.24)  21 OCT 2015 22:56
entering extended mode
 restricted \write18 enabled.
 file:line:error style messages enabled.
 %&-line parsing enabled.
**memoriaUSM.sty
(./memoriaUSM.sty
LaTeX2e <2015/01/01>
Babel <3.9l> and hyphenation patterns for 79 languages loaded.
USM Thesis Style
(/usr/local/texlive/2015/texmf-dist/tex/latex/natbib/natbib.sty
Package: natbib 2010/09/13 8.31b (PWD, AO)
\bibhang=\skip41
\bibsep=\skip42

/usr/local/texlive/2015/texmf-dist/tex/latex/natbib/natbib.sty:640: Undefined c
ontrol sequence.
l.640  {\@listi
                \global\bibsep\itemsep \global\advance\bibsep by\parsep}
? 
/usr/local/texlive/2015/texmf-dist/tex/latex/natbib/natbib.sty:640: Emergency s
top.
l.640  {\@listi
                \global\bibsep\itemsep \global\advance\bibsep by\parsep}
End of file on the terminal!

 
Here is how much of TeX's memory you used:
 178 strings out of 493089
 2299 string characters out of 6134842
 53199 words of memory out of 5000000
 3758 multiletter control sequences out of 15000+600000
 3640 words of font info for 14 fonts, out of 8000000 for 9000
 1141 hyphenation exceptions out of 8191
 17i,0n,19p,122b,9s stack positions out of 5000i,500n,10000p,200000b,80000s
/usr/local/texlive/2015/texmf-dist/tex/latex/natbib/natbib.sty:640:  ==> Fatal 
error occurred, no output PDF file produced!
