This is pdfTeX, Version 3.14159265-2.6-1.40.16 (TeX Live 2015) (preloaded format=pdftex 2015.5.24)  24 OCT 2015 15:52
entering extended mode
 restricted \write18 enabled.
 file:line:error style messages enabled.
 %&-line parsing enabled.
**"/Users/Camilo/Desktop/Memoria 2/chapter1.tex"
(/Users/Camilo/Desktop/Memoria 2/chapter1.tex
/Users/Camilo/Desktop/Memoria 2/chapter1.tex:2: Undefined control sequence.
l.2 \chapter
            {Introducci√≥n}
The control sequence at the end of the top line
of your error message was never \def'ed. If you have
misspelled it (e.g., `\hobx'), type `I' and the correct
spelling (e.g., `I\hbox'). Otherwise just continue,
and I'll forget about whatever was undefined.

Missing character: There is no √ in font cmr10!
Missing character: There is no ≥ in font cmr10!
Missing character: There is no √ in font cmr10!
Missing character: There is no ≠ in font cmr10!
/Users/Camilo/Desktop/Memoria 2/chapter1.tex:6: Undefined control sequence.
l.6 \section
            {Hola}
The control sequence at the end of the top line
of your error message was never \def'ed. If you have
misspelled it (e.g., `\hobx'), type `I' and the correct
spelling (e.g., `I\hbox'). Otherwise just continue,
and I'll forget about whatever was undefined.

/Users/Camilo/Desktop/Memoria 2/chapter1.tex:8: Undefined control sequence.
l.8 \begin
          {equation}
The control sequence at the end of the top line
of your error message was never \def'ed. If you have
misspelled it (e.g., `\hobx'), type `I' and the correct
spelling (e.g., `I\hbox'). Otherwise just continue,
and I'll forget about whatever was undefined.

/Users/Camilo/Desktop/Memoria 2/chapter1.tex:9: Undefined control sequence.
l.9 	\frac
          {1}{s}
The control sequence at the end of the top line
of your error message was never \def'ed. If you have
misspelled it (e.g., `\hobx'), type `I' and the correct
spelling (e.g., `I\hbox'). Otherwise just continue,
and I'll forget about whatever was undefined.

[1{/usr/local/texlive/2015/texmf-var/fonts/map/pdftex/updmap/pdftex.map}] )</usr/local/texlive/2015/texmf-dist/fonts/type1/public/amsfonts/cm/cmr10.pfb>
Output written on "/Users/Camilo/Desktop/Memoria 2/.texpadtmp/chapter1.pdf" (1 page, 15020 bytes).
PDF statistics:
 12 PDF objects out of 1000 (max. 8388607)
 7 compressed objects within 1 object stream
 0 named destinations out of 1000 (max. 500000)
 1 words of extra memory for PDF output out of 10000 (max. 10000000)

